(---------------------------------------------------------------------)
(                                                                     )
(    ARTWORK LOG                                                      )
(                                                                     )
(    Drawing          : SUPIRI_9V_V2_0.brd                            )
(    Software Version : 17.2P019                                      )
(    Date/Time        : Thu Jan 23 06:06:43 2020                      )
(                                                                     )
(---------------------------------------------------------------------)


 ---- Photoplot outline rectangle not found; using drawing extents.



Results from parameter file ...
    DEVICE-TYPE           GERBER_RS274X
    OUTPUT-UNITS          INCHES
    FILM-SIZE             2400000 1600000
    FORMAT                2.5
    ABORT-ON-ERROR        NO
    SCALE                 1
    SUPPRESS-LEAD-ZEROES  YES
    SUPPRESS-TRAIL-ZEROES NO
    SUPPRESS-EQUAL        YES
    UNDEF-APT-CONT        NO



================================================================
     PROCESSING FILM < DRL >
     TO FILE < C:/USERS/HAMIT/DESKTOP/PCB_PROJELER/PCB_DONANIM/SUPIRI_9V_V2/allegro/SUPIRI-9V-V2-0-DRL.art > ...
================================================================

  FILM PARAMETERS :
  ---------------------------------------------------------
  Undefined line width                1.000
  Mirror code                         NONE
  Rotate angle                        NONE
  Offset x:                           0.000
  Offset y:                           0.000
  Plot negative                       NO
  Suppress unconnected internal pads  NO
  Draw holes only                     NO



  APERTURES USED:  NONE
     SUPIRI-9V-V2-0-DRL created.


================================================================
     PROCESSING FILM < BOL >
     TO FILE < C:/USERS/HAMIT/DESKTOP/PCB_PROJELER/PCB_DONANIM/SUPIRI_9V_V2/allegro/SUPIRI-9V-V2-0-BOL.art > ...
================================================================

  FILM PARAMETERS :
  ---------------------------------------------------------
  Undefined line width                1.000
  Mirror code                         NONE
  Rotate angle                        NONE
  Offset x:                           0.000
  Offset y:                           0.000
  Plot negative                       NO
  Suppress unconnected internal pads  NO
  Draw holes only                     NO



  APERTURES USED:
  ---------------------------------------------------------
  TYPE       SIZE/NAME                   ROT   MIRROR MODE 
  ---------------------------------------------------------
  CIRCLE     0.00100                                  DARK 

     SUPIRI-9V-V2-0-BOL created.


================================================================
     PROCESSING FILM < SST >
     TO FILE < C:/USERS/HAMIT/DESKTOP/PCB_PROJELER/PCB_DONANIM/SUPIRI_9V_V2/allegro/SUPIRI-9V-V2-0-SST.art > ...
================================================================

  FILM PARAMETERS :
  ---------------------------------------------------------
  Undefined line width                1.000
  Mirror code                         NONE
  Rotate angle                        NONE
  Offset x:                           0.000
  Offset y:                           0.000
  Plot negative                       NO
  Suppress unconnected internal pads  NO
  Draw holes only                     NO

    WARNING: text composed 0 width line found at (-196.000 -850.000)
           ... using undefined line width of 1.000

    WARNING: text having Multiple 0 width lines; all will be treated the same as the first.
           ... using undefined line width of 1.000

    WARNING: 0 width line found at (491.000 102.000)
           ... using undefined line width of 1.000

    WARNING: Multiple 0 width lines; all will be treated the same as the first.
           ... using undefined line width of 1.000



  APERTURES USED:
  ---------------------------------------------------------
  TYPE       SIZE/NAME                   ROT   MIRROR MODE 
  ---------------------------------------------------------
  CIRCLE     0.00100                                  DARK 
  CIRCLE     0.00394                                  DARK 
  CIRCLE     0.00500                                  DARK 
  CIRCLE     0.00591                                  DARK 
  CIRCLE     0.00600                                  DARK 
  CIRCLE     0.00787                                  DARK 
  CIRCLE     0.00800                                  DARK 
  CIRCLE     0.00984                                  DARK 
  CIRCLE     0.01000                                  DARK 
  CIRCLE     0.01968                                  DARK 

     SUPIRI-9V-V2-0-SST created with warnings


================================================================
     PROCESSING FILM < SSB >
     TO FILE < C:/USERS/HAMIT/DESKTOP/PCB_PROJELER/PCB_DONANIM/SUPIRI_9V_V2/allegro/SUPIRI-9V-V2-0-SSB.art > ...
================================================================

  FILM PARAMETERS :
  ---------------------------------------------------------
  Undefined line width                1.000
  Mirror code                         NONE
  Rotate angle                        NONE
  Offset x:                           0.000
  Offset y:                           0.000
  Plot negative                       NO
  Suppress unconnected internal pads  NO
  Draw holes only                     NO



  APERTURES USED:
  ---------------------------------------------------------
  TYPE       SIZE/NAME                   ROT   MIRROR MODE 
  ---------------------------------------------------------
  CIRCLE     0.00600                                  DARK 
  CIRCLE     0.01000                                  DARK 

     SUPIRI-9V-V2-0-SSB created.


================================================================
     PROCESSING FILM < SMT >
     TO FILE < C:/USERS/HAMIT/DESKTOP/PCB_PROJELER/PCB_DONANIM/SUPIRI_9V_V2/allegro/SUPIRI-9V-V2-0-SMT.art > ...
================================================================

  FILM PARAMETERS :
  ---------------------------------------------------------
  Undefined line width                1.000
  Mirror code                         NONE
  Rotate angle                        NONE
  Offset x:                           0.000
  Offset y:                           0.000
  Plot negative                       NO
  Suppress unconnected internal pads  NO
  Draw holes only                     NO



  APERTURES USED:
  ---------------------------------------------------------
  TYPE       SIZE/NAME                   ROT   MIRROR MODE 
  ---------------------------------------------------------
  CIRCLE     0.07700                                  DARK 
  CIRCLE     0.12268                                  DARK 
  CIRCLE     0.14000                                  DARK 
  CIRCLE     0.15000                                  DARK 
  SQUARE     0.03200                     0.000 NO     DARK 
  SQUARE     0.07700                     0.000 NO     DARK 
  SQUARE     0.12268                     0.000 NO     DARK 
  RECTANGLE  0.01100     x 0.05800       0.000 NO     DARK 
  RECTANGLE  0.01100     x 0.05800      90.000 NO     DARK 
  RECTANGLE  0.01900     x 0.05600      90.000 NO     DARK 
  RECTANGLE  0.02200     x 0.05600      90.000 NO     DARK 
  RECTANGLE  0.02400     x 0.01000      90.000 NO     DARK 
  RECTANGLE  0.03200     x 0.03700       0.000 NO     DARK 
  RECTANGLE  0.03200     x 0.03700      90.000 NO     DARK 
  RECTANGLE  0.03543     x 0.07874      90.000 NO     DARK 
  RECTANGLE  0.04100     x 0.05700      90.000 NO     DARK 
  RECTANGLE  0.04173     x 0.03740      90.000 NO     DARK 
  RECTANGLE  0.06300     x 0.05900      90.000 NO     DARK 
  RECTANGLE  0.06400     x 0.10000      90.000 NO     DARK 
  RECTANGLE  0.10300     x 0.10800       0.000 NO     DARK 
  OBLONG     0.05906     x 0.01181       0.000 NO     DARK 
  OBLONG     0.05906     x 0.01181      90.000 NO     DARK 
  PAD SHAPE  PS_R71_27_D5000            90.000 NO     DARK 
  PAD SHAPE  PS_R71_27_D5000           270.000 NO     DARK 

     SUPIRI-9V-V2-0-SMT created.


================================================================
     PROCESSING FILM < SMB >
     TO FILE < C:/USERS/HAMIT/DESKTOP/PCB_PROJELER/PCB_DONANIM/SUPIRI_9V_V2/allegro/SUPIRI-9V-V2-0-SMB.art > ...
================================================================

  FILM PARAMETERS :
  ---------------------------------------------------------
  Undefined line width                1.000
  Mirror code                         NONE
  Rotate angle                        NONE
  Offset x:                           0.000
  Offset y:                           0.000
  Plot negative                       NO
  Suppress unconnected internal pads  NO
  Draw holes only                     NO



  APERTURES USED:
  ---------------------------------------------------------
  TYPE       SIZE/NAME                   ROT   MIRROR MODE 
  ---------------------------------------------------------
  CIRCLE     0.07700                                  DARK 
  CIRCLE     0.12268                                  DARK 
  CIRCLE     0.14000                                  DARK 
  CIRCLE     0.15000                                  DARK 
  SQUARE     0.07700                     0.000 NO     DARK 
  SQUARE     0.12268                     0.000 NO     DARK 
  RECTANGLE  0.05000     x 0.09000      90.000 NO     DARK 

     SUPIRI-9V-V2-0-SMB created.


================================================================
     PROCESSING FILM < PMT >
     TO FILE < C:/USERS/HAMIT/DESKTOP/PCB_PROJELER/PCB_DONANIM/SUPIRI_9V_V2/allegro/SUPIRI-9V-V2-0-PMT.art > ...
================================================================

  FILM PARAMETERS :
  ---------------------------------------------------------
  Undefined line width                1.000
  Mirror code                         NONE
  Rotate angle                        NONE
  Offset x:                           0.000
  Offset y:                           0.000
  Plot negative                       NO
  Suppress unconnected internal pads  NO
  Draw holes only                     NO



  APERTURES USED:
  ---------------------------------------------------------
  TYPE       SIZE/NAME                   ROT   MIRROR MODE 
  ---------------------------------------------------------
  SQUARE     0.03200                     0.000 NO     DARK 
  RECTANGLE  0.01100     x 0.05800       0.000 NO     DARK 
  RECTANGLE  0.01100     x 0.05800      90.000 NO     DARK 
  RECTANGLE  0.01900     x 0.05600      90.000 NO     DARK 
  RECTANGLE  0.02200     x 0.05600      90.000 NO     DARK 
  RECTANGLE  0.02400     x 0.01000      90.000 NO     DARK 
  RECTANGLE  0.02800     x 0.03300       0.000 NO     DARK 
  RECTANGLE  0.02800     x 0.03300      90.000 NO     DARK 
  RECTANGLE  0.03700     x 0.05300      90.000 NO     DARK 
  RECTANGLE  0.04173     x 0.03740      90.000 NO     DARK 
  RECTANGLE  0.06300     x 0.05900      90.000 NO     DARK 
  RECTANGLE  0.06400     x 0.10000      90.000 NO     DARK 
  RECTANGLE  0.10300     x 0.10800       0.000 NO     DARK 
  OBLONG     0.05906     x 0.01181       0.000 NO     DARK 
  OBLONG     0.05906     x 0.01181      90.000 NO     DARK 
  PAD SHAPE  PS_R71_27_D5000            90.000 NO     DARK 
  PAD SHAPE  PS_R71_27_D5000           270.000 NO     DARK 

     SUPIRI-9V-V2-0-PMT created.


================================================================
     PROCESSING FILM < PMB >
     TO FILE < C:/USERS/HAMIT/DESKTOP/PCB_PROJELER/PCB_DONANIM/SUPIRI_9V_V2/allegro/SUPIRI-9V-V2-0-PMB.art > ...
================================================================

  FILM PARAMETERS :
  ---------------------------------------------------------
  Undefined line width                1.000
  Mirror code                         NONE
  Rotate angle                        NONE
  Offset x:                           0.000
  Offset y:                           0.000
  Plot negative                       NO
  Suppress unconnected internal pads  NO
  Draw holes only                     NO



  APERTURES USED:
  ---------------------------------------------------------
  TYPE       SIZE/NAME                   ROT   MIRROR MODE 
  ---------------------------------------------------------
  RECTANGLE  0.05000     x 0.09000      90.000 NO     DARK 

     SUPIRI-9V-V2-0-PMB created.


================================================================
     PROCESSING FILM < BOTTOM >
     TO FILE < C:/USERS/HAMIT/DESKTOP/PCB_PROJELER/PCB_DONANIM/SUPIRI_9V_V2/allegro/SUPIRI-9V-V2-0-BOTTOM.art > ...
================================================================

  FILM PARAMETERS :
  ---------------------------------------------------------
  Undefined line width                1.000
  Mirror code                         NONE
  Rotate angle                        NONE
  Offset x:                           0.000
  Offset y:                           0.000
  Plot negative                       NO
  Suppress unconnected internal pads  NO
  Draw holes only                     NO



  APERTURES USED:
  ---------------------------------------------------------
  TYPE       SIZE/NAME                   ROT   MIRROR MODE 
  ---------------------------------------------------------
  CIRCLE     0.00800                                  DARK 
  CIRCLE     0.01600                                  DARK 
  CIRCLE     0.05000                                  DARK 
  CIRCLE     0.06000                                  DARK 
  CIRCLE     0.06500                                  DARK 
  CIRCLE     0.07700                                  DARK 
  CIRCLE     0.10000                                  DARK 
  CIRCLE     0.12268                                  DARK 
  CIRCLE     0.15000                                  DARK 
  SQUARE     0.06000                     0.000 NO     DARK 
  SQUARE     0.06500                     0.000 NO     DARK 
  SQUARE     0.12268                     0.000 NO     DARK 
  RECTANGLE  0.14000     x 0.28000      90.000 NO     DARK 

     SUPIRI-9V-V2-0-BOTTOM created.


================================================================
     PROCESSING FILM < TOP >
     TO FILE < C:/USERS/HAMIT/DESKTOP/PCB_PROJELER/PCB_DONANIM/SUPIRI_9V_V2/allegro/SUPIRI-9V-V2-0-TOP.art > ...
================================================================

  FILM PARAMETERS :
  ---------------------------------------------------------
  Undefined line width                1.000
  Mirror code                         NONE
  Rotate angle                        NONE
  Offset x:                           0.000
  Offset y:                           0.000
  Plot negative                       NO
  Suppress unconnected internal pads  NO
  Draw holes only                     NO



  APERTURES USED:
  ---------------------------------------------------------
  TYPE       SIZE/NAME                   ROT   MIRROR MODE 
  ---------------------------------------------------------
  CIRCLE     0.00800                                  DARK 
  CIRCLE     0.01000                                  DARK 
  CIRCLE     0.01500                                  DARK 
  CIRCLE     0.01600                                  DARK 
  CIRCLE     0.02500                                  DARK 
  CIRCLE     0.05000                                  DARK 
  CIRCLE     0.06000                                  DARK 
  CIRCLE     0.06500                                  DARK 
  CIRCLE     0.07700                                  DARK 
  CIRCLE     0.10000                                  DARK 
  CIRCLE     0.12268                                  DARK 
  CIRCLE     0.15000                                  DARK 
  SQUARE     0.03200                     0.000 NO     DARK 
  SQUARE     0.06000                     0.000 NO     DARK 
  SQUARE     0.06500                     0.000 NO     DARK 
  SQUARE     0.12268                     0.000 NO     DARK 
  RECTANGLE  0.01100     x 0.05800       0.000 NO     DARK 
  RECTANGLE  0.01100     x 0.05800      90.000 NO     DARK 
  RECTANGLE  0.01900     x 0.05600      90.000 NO     DARK 
  RECTANGLE  0.02200     x 0.05600      90.000 NO     DARK 
  RECTANGLE  0.02400     x 0.01000      90.000 NO     DARK 
  RECTANGLE  0.02800     x 0.03300       0.000 NO     DARK 
  RECTANGLE  0.02800     x 0.03300      90.000 NO     DARK 
  RECTANGLE  0.03543     x 0.07874      90.000 NO     DARK 
  RECTANGLE  0.03700     x 0.05300      90.000 NO     DARK 
  RECTANGLE  0.04173     x 0.03740      90.000 NO     DARK 
  RECTANGLE  0.06300     x 0.05900      90.000 NO     DARK 
  RECTANGLE  0.06400     x 0.10000      90.000 NO     DARK 
  RECTANGLE  0.10300     x 0.10800       0.000 NO     DARK 
  OBLONG     0.05906     x 0.01181       0.000 NO     DARK 
  OBLONG     0.05906     x 0.01181      90.000 NO     DARK 
  PAD SHAPE  PS_R71_27_D5000            90.000 NO     DARK 
  PAD SHAPE  PS_R71_27_D5000           270.000 NO     DARK 

     SUPIRI-9V-V2-0-TOP created.


------------------------------------------------------
 SUMMARY:
        SUPIRI-9V-V2-0-DRL created.
        SUPIRI-9V-V2-0-BOL created.
        SUPIRI-9V-V2-0-SST created with warnings
        SUPIRI-9V-V2-0-SSB created.
        SUPIRI-9V-V2-0-SMT created.
        SUPIRI-9V-V2-0-SMB created.
        SUPIRI-9V-V2-0-PMT created.
        SUPIRI-9V-V2-0-PMB created.
        SUPIRI-9V-V2-0-BOTTOM created.
        SUPIRI-9V-V2-0-TOP created.

 ARTWORK had warnings
